<?xml version="1.0" encoding="UTF-8"?>
<!-- Generated by org.testng.reporters.JUnitReportReporter -->
<testsuite hostname="DESKTOP-620FIV2" failures="0" tests="2" name="qaclickacademy.AppiumTest" time="0.006" errors="0" timestamp="13 Aug 2021 10:50:21 GMT" skipped="0">
  <testcase classname="qaclickacademy.AppiumTest" name="IOSApps" time="0.001"/>
  <testcase classname="qaclickacademy.AppiumTest" name="NativeAppAndroid" time="0.005"/>
</testsuite> <!-- qaclickacademy.AppiumTest -->
