<?xml version="1.0" encoding="UTF-8"?>
<!-- Generated by org.testng.reporters.JUnitReportReporter -->
<testsuite hostname="DESKTOP-620FIV2" failures="0" tests="2" name="qaclickacademy.RESTAPITest" time="0.002" errors="0" timestamp="13 Aug 2021 10:50:41 GMT" skipped="0">
  <testcase classname="qaclickacademy.RESTAPITest" name="postJira" time="0.001"/>
  <testcase classname="qaclickacademy.RESTAPITest" name="deleteTwitter" time="0.001"/>
</testsuite> <!-- qaclickacademy.RESTAPITest -->
