<?xml version="1.0" encoding="UTF-8"?>
<!-- Generated by org.testng.reporters.JUnitReportReporter -->
<testsuite hostname="DESKTOP-620FIV2" failures="0" tests="2" name="qaclickacademy.SeleniumTest" time="0.014" errors="0" timestamp="13 Aug 2021 10:50:41 GMT" skipped="0">
  <testcase classname="qaclickacademy.SeleniumTest" name="BrowserAutomation" time="0.013"/>
  <testcase classname="qaclickacademy.SeleniumTest" name="elementsUI" time="0.001"/>
</testsuite> <!-- qaclickacademy.SeleniumTest -->
